<?xml version="1.0" encoding="UTF-8"?>
<!-- Generated by org.testng.reporters.JUnitReportReporter -->
<testsuite hostname="DESKTOP-HA1VNFE" failures="0" tests="1" name="entrata_tests.CheckBrokenLinkOfPageTest" time="36.277" errors="0" timestamp="2024-09-29T17:06:24 IST" skipped="0">
  <testcase classname="entrata_tests.CheckBrokenLinkOfPageTest" name="verifyBrokenLinkFromPage" time="36.277"/>
</testsuite> <!-- entrata_tests.CheckBrokenLinkOfPageTest -->
