<?xml version="1.0" encoding="UTF-8"?>
<!-- Generated by org.testng.reporters.JUnitReportReporter -->
<testsuite hostname="DESKTOP-HA1VNFE" failures="0" tests="2" name="entrata_tests.DownloadReportTest" time="600.192" errors="0" timestamp="2024-09-29T17:06:24 IST" skipped="0">
  <testcase classname="entrata_tests.DownloadReportTest" name="verifyDownloadReport" time="309.283"/>
  <testcase classname="entrata_tests.DownloadReportTest" name="verifyDownloadReportInvalidData" time="290.909"/>
</testsuite> <!-- entrata_tests.DownloadReportTest -->
